Build started 03/09/2014 14:32:45.
     1>Project "C:\Users\Guilherme\Desktop\Guilherme\Projetos\libUnicornio\libUnicornio\libUnicornio\MSVS_2012\libUnicornio\libUnicornio.vcxproj" on node 2 (Build target(s)).
     1>ClCompile:
         C:\Program Files (x86)\Microsoft Visual Studio 11.0\VC\bin\CL.exe /c /I..\SDL2\include /I..\..\SDL2\include /I..\..\..\SDL2\include /I..\..\..\include\Eventos /I..\..\..\include\Interface /I..\..\..\include\TileMap /I..\..\..\include\Midia /I..\..\..\include /Zi /nologo /W3 /WX- /sdl /O2 /Oi /Oy- /GL /D WIN32 /D NDEBUG /D _LIB /D _UNICODE /D UNICODE /Gm- /EHsc /MD /GS /Gy /fp:precise /Zc:wchar_t /Zc:forScope /Fo"Release\\" /Fd"Release\vc110.pdb" /Gd /TP /analyze- /errorReport:prompt ..\..\..\src\TileMap\AStar.cpp
         AStar.cpp
         RELEASE UNICORNIO: added libs: sdl2.lib sdl2main.lib sdl2_image.lib sdl2_ttf.lib sdl2_mixer.lib
     1>C:\Users\Guilherme\Desktop\Guilherme\Projetos\libUnicornio\libUnicornio\include\Eventos\Eventos.h(58): warning C4305: 'initializing' : truncation from 'double' to 'float'
     1>..\..\..\src\TileMap\AStar.cpp(54): warning C4244: 'argument' : conversion from 'int' to 'float', possible loss of data
     1>..\..\..\src\TileMap\AStar.cpp(59): warning C4244: 'argument' : conversion from 'int' to 'float', possible loss of data
     1>..\..\..\src\TileMap\AStar.cpp(91): warning C4244: 'argument' : conversion from 'float' to 'unsigned int', possible loss of data
     1>..\..\..\src\TileMap\AStar.cpp(95): warning C4244: 'argument' : conversion from 'float' to 'unsigned int', possible loss of data
     1>..\..\..\src\TileMap\AStar.cpp(111): warning C4244: 'argument' : conversion from 'float' to 'unsigned int', possible loss of data
     1>..\..\..\src\TileMap\AStar.cpp(142): warning C4244: 'return' : conversion from 'float' to 'int', possible loss of data
     1>..\..\..\src\TileMap\AStar.cpp(145): warning C4244: 'return' : conversion from 'double' to 'int', possible loss of data
     1>..\..\..\src\TileMap\AStar.cpp(149): warning C4244: 'initializing' : conversion from 'const float' to 'int', possible loss of data
     1>..\..\..\src\TileMap\AStar.cpp(150): warning C4244: 'initializing' : conversion from 'float' to 'int', possible loss of data
     1>..\..\..\src\TileMap\AStar.cpp(156): warning C4244: 'initializing' : conversion from 'float' to 'int', possible loss of data
     1>..\..\..\src\TileMap\AStar.cpp(157): warning C4244: 'initializing' : conversion from 'float' to 'int', possible loss of data
     1>..\..\..\src\TileMap\AStar.cpp(158): warning C4244: 'return' : conversion from 'double' to 'int', possible loss of data
     1>..\..\..\src\TileMap\AStar.cpp(170): warning C4018: '<' : signed/unsigned mismatch
     1>..\..\..\src\TileMap\AStar.cpp(176): warning C4018: '<' : signed/unsigned mismatch
     1>..\..\..\src\TileMap\AStar.cpp(182): warning C4018: '<' : signed/unsigned mismatch
     1>..\..\..\src\TileMap\AStar.cpp(189): warning C4244: 'argument' : conversion from 'int' to 'float', possible loss of data
     1>..\..\..\src\TileMap\AStar.cpp(199): warning C4244: 'argument' : conversion from 'float' to 'int', possible loss of data
     1>..\..\..\src\TileMap\AStar.cpp(243): warning C4018: '<' : signed/unsigned mismatch
     1>..\..\..\src\TileMap\AStar.cpp(247): warning C4018: '<' : signed/unsigned mismatch
     1>..\..\..\src\TileMap\AStar.cpp(352): warning C4244: 'argument' : conversion from 'float' to 'unsigned int', possible loss of data
     1>..\..\..\src\TileMap\AStar.cpp(353): warning C4244: 'argument' : conversion from 'float' to 'unsigned int', possible loss of data
     1>C:\Program Files (x86)\MSBuild\Microsoft.Cpp\v4.0\V110\Microsoft.CppBuild.targets(1299,5): warning MSB8012: TargetPath(C:\Users\Guilherme\Desktop\Guilherme\Projetos\libUnicornio\libUnicornio\libUnicornio\MSVS_2012\Release\libUnicornio.lib) does not match the Library's OutputFile property value (C:\Users\Guilherme\Desktop\Guilherme\Projetos\libUnicornio\libUnicornio\lib\MSVS_2012\libUnicornio.lib). This may cause your project to build incorrectly. To correct this, please make sure that $(OutDir), $(TargetName) and $(TargetExt) property values match the value specified in %(Lib.OutputFile).
       Lib:
         C:\Program Files (x86)\Microsoft Visual Studio 11.0\VC\bin\Lib.exe /OUT:"..\..\..\lib\MSVS_2012\libUnicornio.lib" SDL2.lib SDL2main.lib SDL2_image.lib SDL2_ttf.lib SDL2_mixer.lib /LIBPATH:..\..\..\SDL2\lib\x86 /NOLOGO /LTCG Release\Eventos.obj
         Release\EventosAplicacao.obj
         Release\EventosiOS.obj
         Release\EventosJoysticks.obj
         Release\EventosMouse.obj
         Release\EventosTeclado.obj
         Release\EventosToque.obj
         Release\GerenciadorDeRecursos.obj
         Release\BotaoSprite.obj
         Release\jsoncpp.obj
         Release\libUnicornio.obj
         Release\Fonte.obj
         Release\Musica.obj
         Release\Som.obj
         Release\Sprite.obj
         Release\SpriteSheet.obj
         Release\Texto.obj
         Release\AStar.obj
         Release\NodoAStar.obj
         Release\ObjetoTile.obj
         Release\Tile.obj
         Release\TileLayer.obj
         Release\TileMap.obj
         Release\TileSet.obj
         Release\Vetor2D.obj
     1>SDL2_image.lib(SDL2_image.dll) : warning LNK4006: __NULL_IMPORT_DESCRIPTOR already defined in SDL2.lib(SDL2.dll); second definition ignored
     1>SDL2_ttf.lib(SDL2_ttf.dll) : warning LNK4006: __NULL_IMPORT_DESCRIPTOR already defined in SDL2.lib(SDL2.dll); second definition ignored
     1>SDL2_mixer.lib(SDL2_mixer.dll) : warning LNK4006: __NULL_IMPORT_DESCRIPTOR already defined in SDL2.lib(SDL2.dll); second definition ignored
         libUnicornio.vcxproj -> C:\Users\Guilherme\Desktop\Guilherme\Projetos\libUnicornio\libUnicornio\libUnicornio\MSVS_2012\Release\libUnicornio.lib
     1>Done Building Project "C:\Users\Guilherme\Desktop\Guilherme\Projetos\libUnicornio\libUnicornio\libUnicornio\MSVS_2012\libUnicornio\libUnicornio.vcxproj" (Build target(s)).

Build succeeded.

Time Elapsed 00:00:01.77
